Using pre-set license
Built from '2020.3/staging' branch; Version is '2020.3.24f1 (79c78de19888) revision 7980941'; Using compiler version '192528614'; Build Type 'Release'
OS: 'Windows 11  (10.0.22000) 64bit Core' Language: 'fr' Physical Memory: 16183 MB
BatchMode: 1, IsHumanControllingUs: 0, StartBugReporterOnCrash: 0, Is64bit: 1, IsPro: 0

COMMAND LINE ARGUMENTS:
C:\Program Files\Unity\Hub\Editor\2020.3.24f1\Editor\Unity.exe
-adb2
-batchMode
-noUpm
-name
AssetImportWorker0
-projectPath
C:/Users/Mimis/EVHI-Projet
-logFile
Logs/AssetImportWorker0.log
-srvPort
56624
Successfully changed project path to: C:/Users/Mimis/EVHI-Projet
C:/Users/Mimis/EVHI-Projet
Using Asset Import Pipeline V2.
Refreshing native plugins compatible for Editor in 33.37 ms, found 3 plugins.
Preloading 0 native plugins for Editor in 0.00 ms.
Initialize engine version: 2020.3.24f1 (79c78de19888)
[Subsystems] Discovering subsystems at path C:/Program Files/Unity/Hub/Editor/2020.3.24f1/Editor/Data/Resources/UnitySubsystems
[Subsystems] Discovering subsystems at path C:/Users/Mimis/EVHI-Projet/Assets
GfxDevice: creating device client; threaded=0
Direct3D:
    Version:  Direct3D 11.0 [level 11.1]
    Renderer: NVIDIA GeForce MX450 (ID=0x1f97)
    Vendor:   
    VRAM:     1928 MB
    Driver:   30.0.14.7141
Initialize mono
Mono path[0] = 'C:/Program Files/Unity/Hub/Editor/2020.3.24f1/Editor/Data/Managed'
Mono path[1] = 'C:/Program Files/Unity/Hub/Editor/2020.3.24f1/Editor/Data/MonoBleedingEdge/lib/mono/unityjit'
Mono config path = 'C:/Program Files/Unity/Hub/Editor/2020.3.24f1/Editor/Data/MonoBleedingEdge/etc'
Using monoOptions --debugger-agent=transport=dt_socket,embedding=1,server=y,suspend=n,address=127.0.0.1:56408
Begin MonoManager ReloadAssembly
Registering precompiled unity dll's ...
Register platform support module: C:/Program Files/Unity/Hub/Editor/2020.3.24f1/Editor/Data/PlaybackEngines/WindowsStandaloneSupport/UnityEditor.WindowsStandalone.Extensions.dll
Registered in 0.001154 seconds.
Native extension for WindowsStandalone target not found
Refreshing native plugins compatible for Editor in 31.96 ms, found 3 plugins.
Preloading 0 native plugins for Editor in 0.00 ms.
Mono: successfully reloaded assembly
- Completed reload, in  0.392 seconds
Domain Reload Profiling:
	ReloadAssembly (392ms)
		BeginReloadAssembly (35ms)
			ExecutionOrderSort (0ms)
			DisableScriptedObjects (0ms)
			BackupInstance (0ms)
			ReleaseScriptingObjects (0ms)
			CreateAndSetChildDomain (1ms)
		EndReloadAssembly (310ms)
			LoadAssemblies (33ms)
			RebuildTransferFunctionScriptingTraits (0ms)
			SetupTypeCache (95ms)
			ReleaseScriptCaches (0ms)
			RebuildScriptCaches (25ms)
			SetupLoadedEditorAssemblies (124ms)
				LogAssemblyErrors (0ms)
				InitializePlatformSupportModulesInManaged (3ms)
				SetLoadedEditorAssemblies (0ms)
				RefreshPlugins (32ms)
				BeforeProcessingInitializeOnLoad (11ms)
				ProcessInitializeOnLoadAttributes (58ms)
				ProcessInitializeOnLoadMethodAttributes (19ms)
				AfterProcessingInitializeOnLoad (0ms)
				EditorAssembliesLoaded (0ms)
			ExecutionOrderSort2 (0ms)
			AwakeInstancesAfterBackupRestoration (0ms)
Platform modules already initialized, skipping
Registering precompiled user dll's ...
Registered in 0.002922 seconds.
Begin MonoManager ReloadAssembly
Native extension for WindowsStandalone target not found
Refreshing native plugins compatible for Editor in 30.32 ms, found 3 plugins.
Preloading 0 native plugins for Editor in 0.00 ms.
Mono: successfully reloaded assembly
- Completed reload, in  0.792 seconds
Domain Reload Profiling:
	ReloadAssembly (793ms)
		BeginReloadAssembly (117ms)
			ExecutionOrderSort (0ms)
			DisableScriptedObjects (3ms)
			BackupInstance (0ms)
			ReleaseScriptingObjects (0ms)
			CreateAndSetChildDomain (18ms)
		EndReloadAssembly (634ms)
			LoadAssemblies (66ms)
			RebuildTransferFunctionScriptingTraits (0ms)
			SetupTypeCache (196ms)
			ReleaseScriptCaches (0ms)
			RebuildScriptCaches (38ms)
			SetupLoadedEditorAssemblies (253ms)
				LogAssemblyErrors (0ms)
				InitializePlatformSupportModulesInManaged (2ms)
				SetLoadedEditorAssemblies (0ms)
				RefreshPlugins (30ms)
				BeforeProcessingInitializeOnLoad (52ms)
				ProcessInitializeOnLoadAttributes (151ms)
				ProcessInitializeOnLoadMethodAttributes (13ms)
				AfterProcessingInitializeOnLoad (4ms)
				EditorAssembliesLoaded (0ms)
			ExecutionOrderSort2 (0ms)
			AwakeInstancesAfterBackupRestoration (6ms)
Platform modules already initialized, skipping
========================================================================
Worker process is ready to serve import requests
Launched and connected shader compiler UnityShaderCompiler.exe after 0.05 seconds
Refreshing native plugins compatible for Editor in 0.68 ms, found 3 plugins.
Preloading 0 native plugins for Editor in 0.00 ms.
Unloading 2195 Unused Serialized files (Serialized files now loaded: 0)
System memory in use before: 95.9 MB.
System memory in use after: 96.0 MB.

Unloading 28 unused Assets to reduce memory usage. Loaded Objects now: 2629.
Total: 3.138500 ms (FindLiveObjects: 0.178800 ms CreateObjectMapping: 0.049000 ms MarkObjects: 2.830200 ms  DeleteObjects: 0.079100 ms)

AssetImportParameters requested are different than current active one (requested -> active):
  custom:framework-win-MediaFoundation: 216162199b28c13a410421893ffa2e32 -> 
  custom:video-decoder-ogg-theora: a1e56fd34408186e4bbccfd4996cb3dc -> 
  custom:container-muxer-webm: aa71ff27fc2769a1b78a27578f13a17b -> 
  custom:container-demuxer-webm: 4f35f7cbe854078d1ac9338744f61a02 -> 
  custom:container-demuxer-ogg: 62fdf1f143b41e24485cea50d1cbac27 -> 
  custom:video-encoder-webm-vp8: eb34c28f22e8b96e1ab97ce403110664 -> 
  custom:video-codec-MediaFoundation-h265: 746d11721c4dcdbdad8f713fa42b33f4 -> 
  custom:video-decoder-webm-vp8: 9c59270c3fd7afecdb556c50c9e8de78 -> 
  custom:audio-decoder-ogg-vorbis: bf7c407c2cedff20999df2af8eb42d56 -> 
  custom:audio-encoder-webm-vorbis: bf7c407c2cedff20999df2af8eb42d56 -> 
========================================================================
Received Import Request.
  path: Assets/QuizManager.cs
  artifactKey: Guid(e56c2150b6cc5af4c8a7802290269ea5) Importer(815301076,1909f56bfc062723c751e8b465ee728b)
Start importing Assets/QuizManager.cs using Guid(e56c2150b6cc5af4c8a7802290269ea5) Importer(815301076,1909f56bfc062723c751e8b465ee728b)  -> (artifact id: 'd360d8412221946c4ebcbad3d9675059') in 0.049278 seconds 
  Import took 0.053531 seconds .

========================================================================
Received Import Request.
  Time since last request: 106.870152 seconds.
  path: Assets
  artifactKey: Guid(00000000000000001000000000000000) Importer(815301076,1909f56bfc062723c751e8b465ee728b)
Start importing Assets using Guid(00000000000000001000000000000000) Importer(815301076,1909f56bfc062723c751e8b465ee728b)  -> (artifact id: '42d402b061de3733987d63b9cc3b64de') in 0.016087 seconds 
  Import took 0.023360 seconds .

========================================================================
Received Import Request.
  Time since last request: 14.607995 seconds.
  path: Assets/QuestionReponse.cs
  artifactKey: Guid(9872d2c92f198504ca6eadb506b34a0e) Importer(815301076,1909f56bfc062723c751e8b465ee728b)
Start importing Assets/QuestionReponse.cs using Guid(9872d2c92f198504ca6eadb506b34a0e) Importer(815301076,1909f56bfc062723c751e8b465ee728b)  -> (artifact id: 'c3fb44b780bb6c159f550c1817398e78') in 0.012744 seconds 
  Import took 0.015910 seconds .

========================================================================
Received Prepare
Registering precompiled user dll's ...
Registered in 0.005434 seconds.
Begin MonoManager ReloadAssembly
Native extension for WindowsStandalone target not found
Refreshing native plugins compatible for Editor in 0.44 ms, found 3 plugins.
Preloading 0 native plugins for Editor in 0.00 ms.
Mono: successfully reloaded assembly
- Completed reload, in  0.755 seconds
Domain Reload Profiling:
	ReloadAssembly (756ms)
		BeginReloadAssembly (104ms)
			ExecutionOrderSort (0ms)
			DisableScriptedObjects (6ms)
			BackupInstance (0ms)
			ReleaseScriptingObjects (0ms)
			CreateAndSetChildDomain (35ms)
		EndReloadAssembly (595ms)
			LoadAssemblies (73ms)
			RebuildTransferFunctionScriptingTraits (0ms)
			SetupTypeCache (212ms)
			ReleaseScriptCaches (1ms)
			RebuildScriptCaches (33ms)
			SetupLoadedEditorAssemblies (218ms)
				LogAssemblyErrors (0ms)
				InitializePlatformSupportModulesInManaged (4ms)
				SetLoadedEditorAssemblies (0ms)
				RefreshPlugins (0ms)
				BeforeProcessingInitializeOnLoad (59ms)
				ProcessInitializeOnLoadAttributes (141ms)
				ProcessInitializeOnLoadMethodAttributes (8ms)
				AfterProcessingInitializeOnLoad (4ms)
				EditorAssembliesLoaded (0ms)
			ExecutionOrderSort2 (0ms)
			AwakeInstancesAfterBackupRestoration (6ms)
Platform modules already initialized, skipping
Refreshing native plugins compatible for Editor in 0.44 ms, found 3 plugins.
Preloading 0 native plugins for Editor in 0.00 ms.
Unloading 2185 Unused Serialized files (Serialized files now loaded: 0)
System memory in use before: 95.3 MB.
System memory in use after: 95.4 MB.

Unloading 17 unused Assets to reduce memory usage. Loaded Objects now: 2632.
Total: 2.451000 ms (FindLiveObjects: 0.160300 ms CreateObjectMapping: 0.042200 ms MarkObjects: 2.230100 ms  DeleteObjects: 0.017500 ms)

AssetImportParameters requested are different than current active one (requested -> active):
  custom:framework-win-MediaFoundation: 216162199b28c13a410421893ffa2e32 -> 
  custom:video-decoder-ogg-theora: a1e56fd34408186e4bbccfd4996cb3dc -> 
  custom:container-muxer-webm: aa71ff27fc2769a1b78a27578f13a17b -> 
  custom:container-demuxer-webm: 4f35f7cbe854078d1ac9338744f61a02 -> 
  custom:container-demuxer-ogg: 62fdf1f143b41e24485cea50d1cbac27 -> 
  custom:video-encoder-webm-vp8: eb34c28f22e8b96e1ab97ce403110664 -> 
  custom:video-codec-MediaFoundation-h265: 746d11721c4dcdbdad8f713fa42b33f4 -> 
  custom:video-decoder-webm-vp8: 9c59270c3fd7afecdb556c50c9e8de78 -> 
  custom:audio-decoder-ogg-vorbis: bf7c407c2cedff20999df2af8eb42d56 -> 
  custom:audio-encoder-webm-vorbis: bf7c407c2cedff20999df2af8eb42d56 -> 
========================================================================
Received Prepare
Registering precompiled user dll's ...
Registered in 0.003473 seconds.
Begin MonoManager ReloadAssembly
Native extension for WindowsStandalone target not found
Refreshing native plugins compatible for Editor in 0.40 ms, found 3 plugins.
Preloading 0 native plugins for Editor in 0.00 ms.
Mono: successfully reloaded assembly
- Completed reload, in  0.729 seconds
Domain Reload Profiling:
	ReloadAssembly (730ms)
		BeginReloadAssembly (96ms)
			ExecutionOrderSort (0ms)
			DisableScriptedObjects (8ms)
			BackupInstance (0ms)
			ReleaseScriptingObjects (0ms)
			CreateAndSetChildDomain (29ms)
		EndReloadAssembly (583ms)
			LoadAssemblies (73ms)
			RebuildTransferFunctionScriptingTraits (0ms)
			SetupTypeCache (199ms)
			ReleaseScriptCaches (1ms)
			RebuildScriptCaches (31ms)
			SetupLoadedEditorAssemblies (218ms)
				LogAssemblyErrors (0ms)
				InitializePlatformSupportModulesInManaged (3ms)
				SetLoadedEditorAssemblies (0ms)
				RefreshPlugins (0ms)
				BeforeProcessingInitializeOnLoad (66ms)
				ProcessInitializeOnLoadAttributes (137ms)
				ProcessInitializeOnLoadMethodAttributes (7ms)
				AfterProcessingInitializeOnLoad (4ms)
				EditorAssembliesLoaded (0ms)
			ExecutionOrderSort2 (0ms)
			AwakeInstancesAfterBackupRestoration (6ms)
Platform modules already initialized, skipping
Refreshing native plugins compatible for Editor in 0.60 ms, found 3 plugins.
Preloading 0 native plugins for Editor in 0.00 ms.
Unloading 2185 Unused Serialized files (Serialized files now loaded: 0)
System memory in use before: 95.3 MB.
System memory in use after: 95.4 MB.

Unloading 17 unused Assets to reduce memory usage. Loaded Objects now: 2634.
Total: 2.451600 ms (FindLiveObjects: 0.152100 ms CreateObjectMapping: 0.043300 ms MarkObjects: 2.222600 ms  DeleteObjects: 0.032400 ms)

AssetImportParameters requested are different than current active one (requested -> active):
  custom:framework-win-MediaFoundation: 216162199b28c13a410421893ffa2e32 -> 
  custom:video-decoder-ogg-theora: a1e56fd34408186e4bbccfd4996cb3dc -> 
  custom:container-muxer-webm: aa71ff27fc2769a1b78a27578f13a17b -> 
  custom:container-demuxer-webm: 4f35f7cbe854078d1ac9338744f61a02 -> 
  custom:container-demuxer-ogg: 62fdf1f143b41e24485cea50d1cbac27 -> 
  custom:video-encoder-webm-vp8: eb34c28f22e8b96e1ab97ce403110664 -> 
  custom:video-codec-MediaFoundation-h265: 746d11721c4dcdbdad8f713fa42b33f4 -> 
  custom:video-decoder-webm-vp8: 9c59270c3fd7afecdb556c50c9e8de78 -> 
  custom:audio-decoder-ogg-vorbis: bf7c407c2cedff20999df2af8eb42d56 -> 
  custom:audio-encoder-webm-vorbis: bf7c407c2cedff20999df2af8eb42d56 -> 
========================================================================
Received Import Request.
  Time since last request: 48.433113 seconds.
  path: Assets/QuestionReponse.cs
  artifactKey: Guid(9872d2c92f198504ca6eadb506b34a0e) Importer(815301076,1909f56bfc062723c751e8b465ee728b)
Start importing Assets/QuestionReponse.cs using Guid(9872d2c92f198504ca6eadb506b34a0e) Importer(815301076,1909f56bfc062723c751e8b465ee728b)  -> (artifact id: 'caadea12656cb192d0ae5ba8f63ce6b5') in 0.007297 seconds 
  Import took 0.010194 seconds .

========================================================================
Received Import Request.
  Time since last request: 710.810822 seconds.
  path: Assets/QuestionReponse.cs
  artifactKey: Guid(9872d2c92f198504ca6eadb506b34a0e) Importer(815301076,1909f56bfc062723c751e8b465ee728b)
Start importing Assets/QuestionReponse.cs using Guid(9872d2c92f198504ca6eadb506b34a0e) Importer(815301076,1909f56bfc062723c751e8b465ee728b)  -> (artifact id: '4f18689735846c5a13518f38d09a0693') in 0.010818 seconds 
  Import took 0.020338 seconds .

========================================================================
Received Import Request.
  Time since last request: 892.643558 seconds.
  path: Assets/Question.cs
  artifactKey: Guid(53ea486c4595f304c9ca0b5d2d020b47) Importer(815301076,1909f56bfc062723c751e8b465ee728b)
Start importing Assets/Question.cs using Guid(53ea486c4595f304c9ca0b5d2d020b47) Importer(815301076,1909f56bfc062723c751e8b465ee728b)  -> (artifact id: '6d10a7a23991d285c94d9459c49bab30') in 0.011674 seconds 
  Import took 0.015466 seconds .

========================================================================
Received Import Request.
  Time since last request: 41.554552 seconds.
  path: Assets/Question.cs
  artifactKey: Guid(53ea486c4595f304c9ca0b5d2d020b47) Importer(815301076,1909f56bfc062723c751e8b465ee728b)
Start importing Assets/Question.cs using Guid(53ea486c4595f304c9ca0b5d2d020b47) Importer(815301076,1909f56bfc062723c751e8b465ee728b)  -> (artifact id: '19d6fba10524e37e053f83c8f243cb61') in 0.008127 seconds 
  Import took 0.015745 seconds .

========================================================================
Received Import Request.
  Time since last request: 275.750635 seconds.
  path: Assets/Question.cs
  artifactKey: Guid(53ea486c4595f304c9ca0b5d2d020b47) Importer(815301076,1909f56bfc062723c751e8b465ee728b)
Start importing Assets/Question.cs using Guid(53ea486c4595f304c9ca0b5d2d020b47) Importer(815301076,1909f56bfc062723c751e8b465ee728b)  -> (artifact id: 'bc3bdbb0cc0bdacff5b3e2e15089491a') in 0.005998 seconds 
  Import took 0.011745 seconds .

========================================================================
Received Import Request.
  Time since last request: 10.850768 seconds.
  path: Assets/Reponse.cs
  artifactKey: Guid(53ea486c4595f304c9ca0b5d2d020b47) Importer(815301076,1909f56bfc062723c751e8b465ee728b)
Start importing Assets/Reponse.cs using Guid(53ea486c4595f304c9ca0b5d2d020b47) Importer(815301076,1909f56bfc062723c751e8b465ee728b)  -> (artifact id: 'bdaf77a5e378cbe665e5fc0e29aaf934') in 0.014167 seconds 
  Import took 0.017958 seconds .

========================================================================
Received Import Request.
  Time since last request: 23.814635 seconds.
  path: Assets/ReponseScript.cs
  artifactKey: Guid(53ea486c4595f304c9ca0b5d2d020b47) Importer(815301076,1909f56bfc062723c751e8b465ee728b)
Start importing Assets/ReponseScript.cs using Guid(53ea486c4595f304c9ca0b5d2d020b47) Importer(815301076,1909f56bfc062723c751e8b465ee728b)  -> (artifact id: 'c732e042802ec4518ee5e96f80d2ee89') in 0.011945 seconds 
  Import took 0.015162 seconds .

========================================================================
Received Import Request.
  Time since last request: 816.846412 seconds.
  path: Assets/ReponseScript.cs
  artifactKey: Guid(53ea486c4595f304c9ca0b5d2d020b47) Importer(815301076,1909f56bfc062723c751e8b465ee728b)
Start importing Assets/ReponseScript.cs using Guid(53ea486c4595f304c9ca0b5d2d020b47) Importer(815301076,1909f56bfc062723c751e8b465ee728b)  -> (artifact id: 'c6cf74a3075b004681bb1921c3c8c017') in 0.003673 seconds 
  Import took 0.007807 seconds .

========================================================================
Received Import Request.
  Time since last request: 1.439027 seconds.
  path: Assets/QuizManager.cs
  artifactKey: Guid(e56c2150b6cc5af4c8a7802290269ea5) Importer(815301076,1909f56bfc062723c751e8b465ee728b)
Start importing Assets/QuizManager.cs using Guid(e56c2150b6cc5af4c8a7802290269ea5) Importer(815301076,1909f56bfc062723c751e8b465ee728b)  -> (artifact id: 'd4fa20523372c1e05c7a9a468d5b8b4e') in 0.015672 seconds 
  Import took 0.020316 seconds .

AssetImportWorkerClient::OnTransportError - code=2 error=End of file
